# JRE version: 7.0_21-b11
# Java VM: Java HotSpot(TM) Client VM (23.21-b01 mixed mode, sharing windows-x86 )
Heap
 def new generation   total 8832K, used 8659K [0x22b40000, 0x234d0000, 0x28090000)
  eden space 7872K,  97% used [0x22b40000, 0x232c4ec0, 0x232f0000)
  from space 960K, 100% used [0x233e0000, 0x234d0000, 0x234d0000)
  to   space 960K,   0% used [0x232f0000, 0x232f0000, 0x233e0000)
 tenured generation   total 19508K, used 13090K [0x28090000, 0x2939d000, 0x32b40000)
   the space 19508K,  67% used [0x28090000, 0x28d58890, 0x28d58a00, 0x2939d000)
 compacting perm gen  total 12288K, used 10951K [0x32b40000, 0x33740000, 0x36b40000)
   the space 12288K,  89% used [0x32b40000, 0x335f1d80, 0x335f1e00, 0x33740000)
    ro space 10240K,  45% used [0x36b40000, 0x36fc7988, 0x36fc7a00, 0x37540000)
    rw space 12288K,  54% used [0x37540000, 0x37bcb5d8, 0x37bcb600, 0x38140000)
GC Heap History (10 events):
Event: 5.167 GC heap before
{Heap before GC invocations=68 (full 0):
 def new generation   total 4928K, used 4875K [0x22b40000, 0x23090000, 0x28090000)
  eden space 4416K,  98% used [0x22b40000, 0x22f82d40, 0x22f90000)
  from space 512K, 100% used [0x22f90000, 0x23010000, 0x23010000)
  to   space 512K,   0% used [0x23010000, 0x23010000, 0x23090000)
 tenured generation   total 10944K, used 5181K [0x28090000, 0x28b40000, 0x32b40000)
   the space 10944K,  47% used [0x28090000, 0x2859f610, 0x2859f800, 0x28b40000)
 compacting perm gen  total 12288K, used 9428K [0x32b40000, 0x33740000, 0x36b40000)
   the space 12288K,  76% used [0x32b40000, 0x33475360, 0x33475400, 0x33740000)
    ro space 10240K,  45% used [0x36b40000, 0x36fc7988, 0x36fc7a00, 0x37540000)
    rw space 12288K,  54% used [0x37540000, 0x37bcb5d8, 0x37bcb600, 0x38140000)
Event: 5.186 GC heap after
Heap after GC invocations=69 (full 0):
 def new generation   total 4928K, used 512K [0x22b40000, 0x23090000, 0x28090000)
  eden space 4416K,   0% used [0x22b40000, 0x22b40000, 0x22f90000)
  from space 512K, 100% used [0x23010000, 0x23090000, 0x23090000)
  to   space 512K,   0% used [0x22f90000, 0x22f90000, 0x23010000)
 tenured generation   total 10944K, used 8143K [0x28090000, 0x28b40000, 0x32b40000)
   the space 10944K,  74% used [0x28090000, 0x28883cc0, 0x28883e00, 0x28b40000)
 compacting perm gen  total 12288K, used 9428K [0x32b40000, 0x33740000, 0x36b40000)
   the space 12288K,  76% used [0x32b40000, 0x33475360, 0x33475400, 0x33740000)
    ro space 10240K,  45% used [0x36b40000, 0x36fc7988, 0x36fc7a00, 0x37540000)
    rw space 12288K,  54% used [0x37540000, 0x37bcb5d8, 0x37bcb600, 0x38140000)
}
Event: 7.215 GC heap before
{Heap before GC invocations=69 (full 0):
 def new generation   total 4928K, used 4928K [0x22b40000, 0x23090000, 0x28090000)
  eden space 4416K, 100% used [0x22b40000, 0x22f90000, 0x22f90000)
  from space 512K, 100% used [0x23010000, 0x23090000, 0x23090000)
  to   space 512K,   0% used [0x22f90000, 0x22f90000, 0x23010000)
 tenured generation   total 10944K, used 8143K [0x28090000, 0x28b40000, 0x32b40000)
   the space 10944K,  74% used [0x28090000, 0x28883cc0, 0x28883e00, 0x28b40000)
 compacting perm gen  total 12288K, used 10014K [0x32b40000, 0x33740000, 0x36b40000)
   the space 12288K,  81% used [0x32b40000, 0x33507840, 0x33507a00, 0x33740000)
    ro space 10240K,  45% used [0x36b40000, 0x36fc7988, 0x36fc7a00, 0x37540000)
    rw space 12288K,  54% used [0x37540000, 0x37bcb5d8, 0x37bcb600, 0x38140000)
Event: 7.227 GC heap after
Heap after GC invocations=70 (full 0):
 def new generation   total 4928K, used 512K [0x22b40000, 0x23090000, 0x28090000)
  eden space 4416K,   0% used [0x22b40000, 0x22b40000, 0x22f90000)
  from space 512K, 100% used [0x22f90000, 0x23010000, 0x23010000)
  to   space 512K,   0% used [0x23010000, 0x23010000, 0x23090000)
 tenured generation   total 10944K, used 9614K [0x28090000, 0x28b40000, 0x32b40000)
   the space 10944K,  87% used [0x28090000, 0x289f3800, 0x289f3800, 0x28b40000)
 compacting perm gen  total 12288K, used 10014K [0x32b40000, 0x33740000, 0x36b40000)
   the space 12288K,  81% used [0x32b40000, 0x33507840, 0x33507a00, 0x33740000)
    ro space 10240K,  45% used [0x36b40000, 0x36fc7988, 0x36fc7a00, 0x37540000)
    rw space 12288K,  54% used [0x37540000, 0x37bcb5d8, 0x37bcb600, 0x38140000)
}
Event: 7.443 GC heap before
{Heap before GC invocations=70 (full 0):
 def new generation   total 4928K, used 4928K [0x22b40000, 0x23090000, 0x28090000)
  eden space 4416K, 100% used [0x22b40000, 0x22f90000, 0x22f90000)
  from space 512K, 100% used [0x22f90000, 0x23010000, 0x23010000)
  to   space 512K,   0% used [0x23010000, 0x23010000, 0x23090000)
 tenured generation   total 10944K, used 9614K [0x28090000, 0x28b40000, 0x32b40000)
   the space 10944K,  87% used [0x28090000, 0x289f3800, 0x289f3800, 0x28b40000)
 compacting perm gen  total 12288K, used 10421K [0x32b40000, 0x33740000, 0x36b40000)
   the space 12288K,  84% used [0x32b40000, 0x3356d438, 0x3356d600, 0x33740000)
    ro space 10240K,  45% used [0x36b40000, 0x36fc7988, 0x36fc7a00, 0x37540000)
    rw space 12288K,  54% used [0x37540000, 0x37bcb5d8, 0x37bcb600, 0x38140000)
Event: 7.454 GC heap after
Heap after GC invocations=71 (full 0):
 def new generation   total 4928K, used 512K [0x22b40000, 0x23090000, 0x28090000)
  eden space 4416K,   0% used [0x22b40000, 0x22b40000, 0x22f90000)
  from space 512K, 100% used [0x23010000, 0x23090000, 0x23090000)
  to   space 512K,   0% used [0x22f90000, 0x22f90000, 0x23010000)
 tenured generation   total 10944K, used 10551K [0x28090000, 0x28b40000, 0x32b40000)
   the space 10944K,  96% used [0x28090000, 0x28addd00, 0x28adde00, 0x28b40000)
 compacting perm gen  total 12288K, used 10421K [0x32b40000, 0x33740000, 0x36b40000)
   the space 12288K,  84% used [0x32b40000, 0x3356d438, 0x3356d600, 0x33740000)
    ro space 10240K,  45% used [0x36b40000, 0x36fc7988, 0x36fc7a00, 0x37540000)
    rw space 12288K,  54% used [0x37540000, 0x37bcb5d8, 0x37bcb600, 0x38140000)
}
Event: 8.223 GC heap before
{Heap before GC invocations=71 (full 0):
 def new generation   total 4928K, used 4917K [0x22b40000, 0x23090000, 0x28090000)
  eden space 4416K,  99% used [0x22b40000, 0x22f8d6c0, 0x22f90000)
  from space 512K, 100% used [0x23010000, 0x23090000, 0x23090000)
  to   space 512K,   0% used [0x22f90000, 0x22f90000, 0x23010000)
 tenured generation   total 10944K, used 10551K [0x28090000, 0x28b40000, 0x32b40000)
   the space 10944K,  96% used [0x28090000, 0x28addd00, 0x28adde00, 0x28b40000)
 compacting perm gen  total 12288K, used 10883K [0x32b40000, 0x33740000, 0x36b40000)
   the space 12288K,  88% used [0x32b40000, 0x335e0fe8, 0x335e1000, 0x33740000)
    ro space 10240K,  45% used [0x36b40000, 0x36fc7988, 0x36fc7a00, 0x37540000)
    rw space 12288K,  54% used [0x37540000, 0x37bcb5d8, 0x37bcb600, 0x38140000)
Event: 8.333 GC heap after
Heap after GC invocations=72 (full 1):
 def new generation   total 8832K, used 83K [0x22b40000, 0x234d0000, 0x28090000)
  eden space 7872K,   1% used [0x22b40000, 0x22b54f68, 0x232f0000)
  from space 960K,   0% used [0x232f0000, 0x232f0000, 0x233e0000)
  to   space 960K,   0% used [0x233e0000, 0x233e0000, 0x234d0000)
 tenured generation   total 19508K, used 11704K [0x28090000, 0x2939d000, 0x32b40000)
   the space 19508K,  59% used [0x28090000, 0x28bfe1d0, 0x28bfe200, 0x2939d000)
 compacting perm gen  total 12288K, used 10883K [0x32b40000, 0x33740000, 0x36b40000)
   the space 12288K,  88% used [0x32b40000, 0x335e0fe8, 0x335e1000, 0x33740000)
    ro space 10240K,  45% used [0x36b40000, 0x36fc7988, 0x36fc7a00, 0x37540000)
    rw space 12288K,  54% used [0x37540000, 0x37bcb5d8, 0x37bcb600, 0x38140000)
}
Event: 9.360 GC heap before
{Heap before GC invocations=72 (full 1):
 def new generation   total 8832K, used 7872K [0x22b40000, 0x234d0000, 0x28090000)
  eden space 7872K, 100% used [0x22b40000, 0x232f0000, 0x232f0000)
  from space 960K,   0% used [0x232f0000, 0x232f0000, 0x233e0000)
  to   space 960K,   0% used [0x233e0000, 0x233e0000, 0x234d0000)
 tenured generation   total 19508K, used 11704K [0x28090000, 0x2939d000, 0x32b40000)
   the space 19508K,  59% used [0x28090000, 0x28bfe1d0, 0x28bfe200, 0x2939d000)
 compacting perm gen  total 12288K, used 10937K [0x32b40000, 0x33740000, 0x36b40000)
   the space 12288K,  89% used [0x32b40000, 0x335ee770, 0x335ee800, 0x33740000)
    ro space 10240K,  45% used [0x36b40000, 0x36fc7988, 0x36fc7a00, 0x37540000)
    rw space 12288K,  54% used [0x37540000, 0x37bcb5d8, 0x37bcb600, 0x38140000)
Event: 9.389 GC heap after
Heap after GC invocations=73 (full 1):
 def new generation   total 8832K, used 960K [0x22b40000, 0x234d0000, 0x28090000)
  eden space 7872K,   0% used [0x22b40000, 0x22b40000, 0x232f0000)
  from space 960K, 100% used [0x233e0000, 0x234d0000, 0x234d0000)
  to   space 960K,   0% used [0x232f0000, 0x232f0000, 0x233e0000)
 tenured generation   total 19508K, used 13090K [0x28090000, 0x2939d000, 0x32b40000)
   the space 19508K,  67% used [0x28090000, 0x28d58890, 0x28d58a00, 0x2939d000)
 compacting perm gen  total 12288K, used 10937K [0x32b40000, 0x33740000, 0x36b40000)
   the space 12288K,  89% used [0x32b40000, 0x335ee770, 0x335ee800, 0x33740000)
    ro space 10240K,  45% used [0x36b40000, 0x36fc7988, 0x36fc7a00, 0x37540000)
    rw space 12288K,  54% used [0x37540000, 0x37bcb5d8, 0x37bcb600, 0x38140000)
}

